2021-07-05 02:08:56 | INFO  [main] (PluginController.java:94) - Creating PluginController Instance
2021-07-05 02:08:58 | INFO  [main] (LucenePluginSet.java:45) - Loading lucene plugin set
2021-07-05 02:08:58 | INFO  [main] (LuceneIndexer.java:106) - Created Lucene Indexer Plugin
2021-07-05 02:08:58 | INFO  [main] (PluginController.java:113) - Loaded Local Plugins
2021-07-05 02:08:58 | INFO  [main] (PluginController.java:156) - Loading plugin: luceneset
2021-07-05 02:08:58 | INFO  [main] (PluginController.java:156) - Loading plugin: file-storage
2021-07-05 02:08:58 | INFO  [main] (PluginController.java:118) - Added default storage plugin
2021-07-05 02:08:58 | INFO  [main] (PluginController.java:231) - Initializing plugin rest interfaces
2021-07-05 02:08:58 | INFO  [main] (PluginController.java:245) - Finished initializing rest interfaces
2021-07-05 02:08:58 | INFO  [main] (PluginController.java:249) - Initializing jetty interface
2021-07-05 02:08:58 | INFO  [main] (ControlServices.java:137) - Starting DICOM Storage SCP
2021-07-05 02:08:58 | INFO  [main] (ControlServices.java:162) - Starting DICOM QueryRetrieve
2021-07-05 02:08:58 | INFO  [DicoogleStorage-1] (NetworkConnection.java:631) - Start listening on 0.0.0.0/0.0.0.0:6666
2021-07-05 02:08:58 | INFO  [main] (ControlServices.java:184) - Starting WebServer
2021-07-05 02:08:58 | INFO  [DICOOGLE-STORAGE-2] (NetworkConnection.java:631) - Start listening on 0.0.0.0/0.0.0.0:1045
2021-07-05 02:08:58 | INFO  [main] (DicoogleWeb.java:127) - Starting Web Services in DicoogleWeb. Port: 8080
2021-07-05 02:08:58 | INFO  [main] (Server.java:284) - jetty-9.0.3.v20130506
2021-07-05 02:08:59 | INFO  [main] (ContextHandler.java:727) - Started o.e.j.s.ServletContextHandler@7ab1ad9{/,null,AVAILABLE}
2021-07-05 02:08:59 | INFO  [main] (ContextHandler.java:727) - Started o.e.j.s.ServletContextHandler@5ee6fdc4{/,null,AVAILABLE}
2021-07-05 02:08:59 | INFO  [main] (ContextHandler.java:727) - Started o.e.j.s.ServletContextHandler@1bbb42b4{/,null,AVAILABLE}
2021-07-05 02:08:59 | INFO  [main] (ContextHandler.java:727) - Started o.e.j.s.ServletContextHandler@3f9f8d23{/,null,AVAILABLE}
2021-07-05 02:08:59 | INFO  [main] (ContextHandler.java:727) - Started o.e.j.s.ServletContextHandler@603d25db{/,null,AVAILABLE}
2021-07-05 02:08:59 | INFO  [main] (ContextHandler.java:727) - Started o.e.j.s.ServletContextHandler@95cecc5{/,null,AVAILABLE}
2021-07-05 02:08:59 | INFO  [main] (ContextHandler.java:727) - Started o.e.j.s.ServletContextHandler@48b3b1b8{/,null,AVAILABLE}
2021-07-05 02:08:59 | INFO  [main] (ContextHandler.java:727) - Started o.e.j.s.ServletContextHandler@b86cb18{/,null,AVAILABLE}
2021-07-05 02:08:59 | INFO  [main] (ContextHandler.java:727) - Started o.e.j.s.ServletContextHandler@29c244e{/,null,AVAILABLE}
2021-07-05 02:08:59 | INFO  [main] (ContextHandler.java:727) - Started o.e.j.s.ServletContextHandler@6cc8da1c{/,null,AVAILABLE}
2021-07-05 02:08:59 | INFO  [main] (ContextHandler.java:727) - Started o.e.j.s.ServletContextHandler@39a3984c{/,null,AVAILABLE}
2021-07-05 02:08:59 | INFO  [main] (ContextHandler.java:727) - Started o.e.j.s.ServletContextHandler@4404a6b{/,null,AVAILABLE}
2021-07-05 02:08:59 | INFO  [main] (ContextHandler.java:727) - Started o.e.j.s.ServletContextHandler@671da0f9{/,null,AVAILABLE}
2021-07-05 02:08:59 | INFO  [main] (ContextHandler.java:727) - Started o.e.j.s.ServletContextHandler@4d2f9e3c{/,null,AVAILABLE}
2021-07-05 02:08:59 | INFO  [main] (ContextHandler.java:727) - Started o.e.j.s.ServletContextHandler@686b1e2d{/,null,AVAILABLE}
2021-07-05 02:08:59 | INFO  [main] (ContextHandler.java:727) - Started o.e.j.s.ServletContextHandler@6e7e0259{/,null,AVAILABLE}
2021-07-05 02:08:59 | INFO  [main] (ContextHandler.java:727) - Started o.e.j.s.ServletContextHandler@646e6d07{/,null,AVAILABLE}
2021-07-05 02:08:59 | INFO  [main] (ContextHandler.java:727) - Started o.e.j.s.ServletContextHandler@5501d1c8{/,null,AVAILABLE}
2021-07-05 02:08:59 | INFO  [main] (ContextHandler.java:727) - Started o.e.j.s.ServletContextHandler@652b3733{/,null,AVAILABLE}
2021-07-05 02:08:59 | INFO  [main] (ContextHandler.java:727) - Started o.e.j.s.ServletContextHandler@7b598d05{/,null,AVAILABLE}
2021-07-05 02:08:59 | INFO  [main] (ContextHandler.java:727) - Started o.e.j.s.ServletContextHandler@6cc8c13c{/,null,AVAILABLE}
2021-07-05 02:08:59 | INFO  [main] (ContextHandler.java:727) - Started o.e.j.s.ServletContextHandler@371cd2fc{/,null,AVAILABLE}
2021-07-05 02:08:59 | INFO  [main] (ContextHandler.java:727) - Started o.e.j.s.ServletContextHandler@b32e983{/,null,AVAILABLE}
2021-07-05 02:08:59 | INFO  [main] (ContextHandler.java:727) - Started o.e.j.s.ServletContextHandler@3c346c45{/,null,AVAILABLE}
2021-07-05 02:08:59 | INFO  [main] (ContextHandler.java:727) - Started o.e.j.s.ServletContextHandler@16df9bde{/,null,AVAILABLE}
2021-07-05 02:08:59 | INFO  [main] (ContextHandler.java:727) - Started o.e.j.s.ServletContextHandler@478530cb{/,null,AVAILABLE}
2021-07-05 02:08:59 | INFO  [main] (ContextHandler.java:727) - Started o.e.j.s.ServletContextHandler@5be7b749{/,null,AVAILABLE}
2021-07-05 02:08:59 | INFO  [main] (ContextHandler.java:727) - Started o.e.j.s.ServletContextHandler@44aeae34{/,null,AVAILABLE}
2021-07-05 02:08:59 | INFO  [main] (ContextHandler.java:727) - Started o.e.j.s.ServletContextHandler@2ec5cc14{/,null,AVAILABLE}
2021-07-05 02:08:59 | INFO  [main] (ContextHandler.java:727) - Started o.e.j.s.ServletContextHandler@40a8a26f{/,null,AVAILABLE}
2021-07-05 02:08:59 | INFO  [main] (ContextHandler.java:727) - Started o.e.j.s.ServletContextHandler@269308cc{/,null,AVAILABLE}
2021-07-05 02:08:59 | INFO  [main] (ContextHandler.java:727) - Started o.e.j.s.ServletContextHandler@177ddd24{/,null,AVAILABLE}
2021-07-05 02:08:59 | INFO  [main] (ContextHandler.java:727) - Started o.e.j.s.ServletContextHandler@17d816b3{/,null,AVAILABLE}
2021-07-05 02:08:59 | INFO  [main] (ContextHandler.java:727) - Started o.e.j.s.ServletContextHandler@126675fd{/,null,AVAILABLE}
2021-07-05 02:08:59 | INFO  [main] (ContextHandler.java:727) - Started o.e.j.s.ServletContextHandler@2c0dca15{/,null,AVAILABLE}
2021-07-05 02:08:59 | INFO  [main] (ContextHandler.java:727) - Started o.e.j.s.ServletContextHandler@23321be7{/,null,AVAILABLE}
2021-07-05 02:08:59 | INFO  [main] (ContextHandler.java:727) - Started o.e.j.s.ServletContextHandler@61ad30f6{/,null,AVAILABLE}
2021-07-05 02:08:59 | INFO  [main] (ContextHandler.java:727) - Started o.e.j.s.ServletContextHandler@312f3050{/,null,AVAILABLE}
2021-07-05 02:08:59 | INFO  [main] (ContextHandler.java:727) - Started o.e.j.s.ServletContextHandler@615bad16{/,null,AVAILABLE}
2021-07-05 02:08:59 | INFO  [main] (ContextHandler.java:727) - Started o.e.j.s.ServletContextHandler@52856ff9{/,null,AVAILABLE}
2021-07-05 02:08:59 | INFO  [main] (ContextHandler.java:727) - Started o.e.j.s.ServletContextHandler@5aa7cfdf{/,null,AVAILABLE}
2021-07-05 02:08:59 | INFO  [main] (StandardDescriptorProcessor.java:275) - NO JSP Support for /, did not find org.apache.jasper.servlet.JspServlet
2021-07-05 02:08:59 | INFO  [main] (ContextHandler.java:727) - Started o.e.j.w.WebAppContext@1de30c31{/,file:/C:/dicoogle-dev/dicoogle/target/classes/webapp/,AVAILABLE}{file:/C:/dicoogle-dev/dicoogle/target/classes/webapp}
2021-07-05 02:08:59 | INFO  [main] (AbstractConnector.java:265) - Started ServerConnector@5dd747c1{HTTP/1.1}{0.0.0.0:8080}
2021-07-05 02:08:59 | INFO  [main] (ControlServices.java:191) - Starting Dicoogle Web
2021-07-05 02:08:59 | INFO  [main] (PluginController.java:126) - Initialized plugins
2021-07-05 02:09:09 | INFO  [pool-2-thread-1] (LuceneQuery.java:119) - Finished opening result stream, Query: 0,14,*:*
2021-07-05 02:09:49 | INFO  [pool-2-thread-2] (LuceneQuery.java:119) - Finished opening result stream, Query: 0,32,SOPInstanceUID:1.2.826.0.1.3680043.9.7522.1.47218965939521283303644302475479744
2021-07-05 02:15:12 | INFO  [pool-2-thread-3] (LuceneQuery.java:119) - Finished opening result stream, Query: 0,5,*:*
